2020.06.24 18:20:11 INFO  started: Metals version 0.9.0 in workspace 'C:\UWaterloo\Fourth Year\ECE454\Assignments\Assignment2'
2020.06.24 18:20:12 INFO  time: initialize in 0.42s
2020.06.24 18:20:12 WARN  no build tool detected in workspace 'C:\UWaterloo\Fourth Year\ECE454\Assignments\Assignment2'. The most common cause for this problem is that the editor was opened in the wrong working directory, for example if you use sbt then the workspace directory should contain build.sbt. 
2020.06.24 18:20:12 INFO  no build target: using presentation compiler with only scala-library
2020.06.24 18:20:16 WARN  no build target for: C:\UWaterloo\Fourth Year\ECE454\Assignments\Assignment2\Task2.scala
2020.06.24 18:24:27 WARN  no build target for: C:\UWaterloo\Fourth Year\ECE454\Assignments\Assignment2\Task2.scala
2020.06.24 18:24:34 WARN  no build target for: C:\UWaterloo\Fourth Year\ECE454\Assignments\Assignment2\Task2.scala
2020.06.24 18:31:16 WARN  no build target for: C:\UWaterloo\Fourth Year\ECE454\Assignments\Assignment2\Task2.scala
2020.06.24 18:31:22 WARN  no build target for: C:\UWaterloo\Fourth Year\ECE454\Assignments\Assignment2\Task2.scala
2020.06.24 18:31:26 WARN  no build tool detected in workspace 'C:\UWaterloo\Fourth Year\ECE454\Assignments\Assignment2'. The most common cause for this problem is that the editor was opened in the wrong working directory, for example if you use sbt then the workspace directory should contain build.sbt. 
2020.06.24 18:31:26 WARN  no build target for: C:\UWaterloo\Fourth Year\ECE454\Assignments\Assignment2\Task2.scala
2020.06.24 18:31:26 WARN  no build tool detected in workspace 'C:\UWaterloo\Fourth Year\ECE454\Assignments\Assignment2'. The most common cause for this problem is that the editor was opened in the wrong working directory, for example if you use sbt then the workspace directory should contain build.sbt. 
2020.06.24 18:34:27 WARN  no build target for: C:\UWaterloo\Fourth Year\ECE454\Assignments\Assignment2\Task2.scala
2020.06.24 18:34:41 WARN  no build target for: C:\UWaterloo\Fourth Year\ECE454\Assignments\Assignment2\Task2.scala
2020.06.24 18:35:42 WARN  no build target for: C:\UWaterloo\Fourth Year\ECE454\Assignments\Assignment2\Task2.scala
2020.06.24 18:36:09 WARN  no build target for: C:\UWaterloo\Fourth Year\ECE454\Assignments\Assignment2\Task2.scala
2020.06.24 18:36:17 WARN  no build tool detected in workspace 'C:\UWaterloo\Fourth Year\ECE454\Assignments\Assignment2'. The most common cause for this problem is that the editor was opened in the wrong working directory, for example if you use sbt then the workspace directory should contain build.sbt. 
2020.06.24 18:36:17 WARN  no build target for: C:\UWaterloo\Fourth Year\ECE454\Assignments\Assignment2\Task2.scala
2020.06.24 18:36:38 WARN  no build target for: C:\UWaterloo\Fourth Year\ECE454\Assignments\Assignment2\Task2.scala
2020.06.24 18:37:27 WARN  no build target for: C:\UWaterloo\Fourth Year\ECE454\Assignments\Assignment2\Task2.scala
2020.06.24 18:39:21 WARN  no build target for: C:\UWaterloo\Fourth Year\ECE454\Assignments\Assignment2\Task2.scala
2020.06.24 18:39:33 WARN  no build target for: C:\UWaterloo\Fourth Year\ECE454\Assignments\Assignment2\Task2.scala
2020.06.24 18:39:48 WARN  no build tool detected in workspace 'C:\UWaterloo\Fourth Year\ECE454\Assignments\Assignment2'. The most common cause for this problem is that the editor was opened in the wrong working directory, for example if you use sbt then the workspace directory should contain build.sbt. 
2020.06.24 18:39:48 WARN  no build target for: C:\UWaterloo\Fourth Year\ECE454\Assignments\Assignment2\Task2.scala
2020.06.24 18:47:28 WARN  no build tool detected in workspace 'C:\UWaterloo\Fourth Year\ECE454\Assignments\Assignment2'. The most common cause for this problem is that the editor was opened in the wrong working directory, for example if you use sbt then the workspace directory should contain build.sbt. 
2020.06.24 18:47:28 WARN  no build tool detected in workspace 'C:\UWaterloo\Fourth Year\ECE454\Assignments\Assignment2'. The most common cause for this problem is that the editor was opened in the wrong working directory, for example if you use sbt then the workspace directory should contain build.sbt. 
2020.06.24 18:47:28 WARN  no build tool detected in workspace 'C:\UWaterloo\Fourth Year\ECE454\Assignments\Assignment2'. The most common cause for this problem is that the editor was opened in the wrong working directory, for example if you use sbt then the workspace directory should contain build.sbt. 
2020.06.24 18:47:55 WARN  no build target for: C:\UWaterloo\Fourth Year\ECE454\Assignments\Assignment2\Task2.scala
2020.06.24 18:52:02 WARN  no build target for: C:\UWaterloo\Fourth Year\ECE454\Assignments\Assignment2\Task2.scala
2020.06.24 18:52:19 WARN  no build tool detected in workspace 'C:\UWaterloo\Fourth Year\ECE454\Assignments\Assignment2'. The most common cause for this problem is that the editor was opened in the wrong working directory, for example if you use sbt then the workspace directory should contain build.sbt. 
2020.06.24 18:52:19 WARN  no build tool detected in workspace 'C:\UWaterloo\Fourth Year\ECE454\Assignments\Assignment2'. The most common cause for this problem is that the editor was opened in the wrong working directory, for example if you use sbt then the workspace directory should contain build.sbt. 
2020.06.24 18:52:19 WARN  no build tool detected in workspace 'C:\UWaterloo\Fourth Year\ECE454\Assignments\Assignment2'. The most common cause for this problem is that the editor was opened in the wrong working directory, for example if you use sbt then the workspace directory should contain build.sbt. 
2020.06.24 18:52:21 WARN  no build tool detected in workspace 'C:\UWaterloo\Fourth Year\ECE454\Assignments\Assignment2'. The most common cause for this problem is that the editor was opened in the wrong working directory, for example if you use sbt then the workspace directory should contain build.sbt. 
2020.06.24 18:52:21 WARN  no build tool detected in workspace 'C:\UWaterloo\Fourth Year\ECE454\Assignments\Assignment2'. The most common cause for this problem is that the editor was opened in the wrong working directory, for example if you use sbt then the workspace directory should contain build.sbt. 
2020.06.24 18:52:21 WARN  no build tool detected in workspace 'C:\UWaterloo\Fourth Year\ECE454\Assignments\Assignment2'. The most common cause for this problem is that the editor was opened in the wrong working directory, for example if you use sbt then the workspace directory should contain build.sbt. 
2020.06.24 18:52:22 WARN  no build target for: C:\UWaterloo\Fourth Year\ECE454\Assignments\Assignment2\Task2.scala
2020.06.24 18:55:45 WARN  no build tool detected in workspace 'C:\UWaterloo\Fourth Year\ECE454\Assignments\Assignment2'. The most common cause for this problem is that the editor was opened in the wrong working directory, for example if you use sbt then the workspace directory should contain build.sbt. 
2020.06.24 18:57:28 WARN  no build target for: C:\UWaterloo\Fourth Year\ECE454\Assignments\Assignment2\Task2.scala
2020.06.24 18:59:13 WARN  no build target for: C:\UWaterloo\Fourth Year\ECE454\Assignments\Assignment2\Task2.scala
2020.06.24 19:01:35 WARN  no build target for: C:\UWaterloo\Fourth Year\ECE454\Assignments\Assignment2\Task2.scala
2020.06.24 19:01:38 WARN  no build tool detected in workspace 'C:\UWaterloo\Fourth Year\ECE454\Assignments\Assignment2'. The most common cause for this problem is that the editor was opened in the wrong working directory, for example if you use sbt then the workspace directory should contain build.sbt. 
2020.06.24 19:01:38 WARN  no build tool detected in workspace 'C:\UWaterloo\Fourth Year\ECE454\Assignments\Assignment2'. The most common cause for this problem is that the editor was opened in the wrong working directory, for example if you use sbt then the workspace directory should contain build.sbt. 
2020.06.24 19:01:38 WARN  no build tool detected in workspace 'C:\UWaterloo\Fourth Year\ECE454\Assignments\Assignment2'. The most common cause for this problem is that the editor was opened in the wrong working directory, for example if you use sbt then the workspace directory should contain build.sbt. 
2020.06.24 19:01:38 WARN  no build tool detected in workspace 'C:\UWaterloo\Fourth Year\ECE454\Assignments\Assignment2'. The most common cause for this problem is that the editor was opened in the wrong working directory, for example if you use sbt then the workspace directory should contain build.sbt. 
2020.06.24 19:01:40 WARN  no build target for: C:\UWaterloo\Fourth Year\ECE454\Assignments\Assignment2\Task2.scala
2020.06.24 19:02:20 WARN  no build target for: C:\UWaterloo\Fourth Year\ECE454\Assignments\Assignment2\Task2.scala
2020.06.24 19:02:21 WARN  no build target for: C:\UWaterloo\Fourth Year\ECE454\Assignments\Assignment2\Task2.scala
2020.06.24 19:05:01 WARN  no build tool detected in workspace 'C:\UWaterloo\Fourth Year\ECE454\Assignments\Assignment2'. The most common cause for this problem is that the editor was opened in the wrong working directory, for example if you use sbt then the workspace directory should contain build.sbt. 
2020.06.24 19:05:01 WARN  no build tool detected in workspace 'C:\UWaterloo\Fourth Year\ECE454\Assignments\Assignment2'. The most common cause for this problem is that the editor was opened in the wrong working directory, for example if you use sbt then the workspace directory should contain build.sbt. 
2020.06.24 19:09:26 WARN  no build target for: C:\UWaterloo\Fourth Year\ECE454\Assignments\Assignment2\Task2.scala
2020.06.24 19:09:27 WARN  no build tool detected in workspace 'C:\UWaterloo\Fourth Year\ECE454\Assignments\Assignment2'. The most common cause for this problem is that the editor was opened in the wrong working directory, for example if you use sbt then the workspace directory should contain build.sbt. 
2020.06.24 19:09:27 WARN  no build tool detected in workspace 'C:\UWaterloo\Fourth Year\ECE454\Assignments\Assignment2'. The most common cause for this problem is that the editor was opened in the wrong working directory, for example if you use sbt then the workspace directory should contain build.sbt. 
2020.06.24 19:09:27 WARN  no build tool detected in workspace 'C:\UWaterloo\Fourth Year\ECE454\Assignments\Assignment2'. The most common cause for this problem is that the editor was opened in the wrong working directory, for example if you use sbt then the workspace directory should contain build.sbt. 
2020.06.24 19:09:27 WARN  no build tool detected in workspace 'C:\UWaterloo\Fourth Year\ECE454\Assignments\Assignment2'. The most common cause for this problem is that the editor was opened in the wrong working directory, for example if you use sbt then the workspace directory should contain build.sbt. 
2020.06.24 19:09:29 WARN  no build tool detected in workspace 'C:\UWaterloo\Fourth Year\ECE454\Assignments\Assignment2'. The most common cause for this problem is that the editor was opened in the wrong working directory, for example if you use sbt then the workspace directory should contain build.sbt. 
2020.06.24 19:09:29 WARN  no build tool detected in workspace 'C:\UWaterloo\Fourth Year\ECE454\Assignments\Assignment2'. The most common cause for this problem is that the editor was opened in the wrong working directory, for example if you use sbt then the workspace directory should contain build.sbt. 
2020.06.24 19:09:31 WARN  no build tool detected in workspace 'C:\UWaterloo\Fourth Year\ECE454\Assignments\Assignment2'. The most common cause for this problem is that the editor was opened in the wrong working directory, for example if you use sbt then the workspace directory should contain build.sbt. 
2020.06.24 19:09:31 WARN  no build tool detected in workspace 'C:\UWaterloo\Fourth Year\ECE454\Assignments\Assignment2'. The most common cause for this problem is that the editor was opened in the wrong working directory, for example if you use sbt then the workspace directory should contain build.sbt. 
2020.06.24 19:09:33 WARN  no build tool detected in workspace 'C:\UWaterloo\Fourth Year\ECE454\Assignments\Assignment2'. The most common cause for this problem is that the editor was opened in the wrong working directory, for example if you use sbt then the workspace directory should contain build.sbt. 
2020.06.24 19:09:33 WARN  no build tool detected in workspace 'C:\UWaterloo\Fourth Year\ECE454\Assignments\Assignment2'. The most common cause for this problem is that the editor was opened in the wrong working directory, for example if you use sbt then the workspace directory should contain build.sbt. 
2020.06.24 19:09:33 WARN  no build target for: C:\UWaterloo\Fourth Year\ECE454\Assignments\Assignment2\Task2.scala
2020.06.24 19:09:46 WARN  no build target for: C:\UWaterloo\Fourth Year\ECE454\Assignments\Assignment2\Task2.scala
2020.06.24 19:09:46 WARN  no build tool detected in workspace 'C:\UWaterloo\Fourth Year\ECE454\Assignments\Assignment2'. The most common cause for this problem is that the editor was opened in the wrong working directory, for example if you use sbt then the workspace directory should contain build.sbt. 
2020.06.24 19:16:19 WARN  no build target for: C:\UWaterloo\Fourth Year\ECE454\Assignments\Assignment2\Task2.scala
2020.06.24 19:16:31 WARN  no build target for: C:\UWaterloo\Fourth Year\ECE454\Assignments\Assignment2\Task2.scala
2020.06.24 19:17:53 WARN  no build tool detected in workspace 'C:\UWaterloo\Fourth Year\ECE454\Assignments\Assignment2'. The most common cause for this problem is that the editor was opened in the wrong working directory, for example if you use sbt then the workspace directory should contain build.sbt. 
2020.06.24 19:17:59 WARN  no build tool detected in workspace 'C:\UWaterloo\Fourth Year\ECE454\Assignments\Assignment2'. The most common cause for this problem is that the editor was opened in the wrong working directory, for example if you use sbt then the workspace directory should contain build.sbt. 
2020.06.24 19:17:59 WARN  no build target for: C:\UWaterloo\Fourth Year\ECE454\Assignments\Assignment2\Task2.scala
2020.06.24 19:18:11 WARN  no build tool detected in workspace 'C:\UWaterloo\Fourth Year\ECE454\Assignments\Assignment2'. The most common cause for this problem is that the editor was opened in the wrong working directory, for example if you use sbt then the workspace directory should contain build.sbt. 
2020.06.24 19:18:11 WARN  no build target for: C:\UWaterloo\Fourth Year\ECE454\Assignments\Assignment2\Task2.scala
2020.06.24 19:20:48 WARN  no build target for: C:\UWaterloo\Fourth Year\ECE454\Assignments\Assignment2\Task2.scala
2020.06.24 19:20:48 WARN  no build tool detected in workspace 'C:\UWaterloo\Fourth Year\ECE454\Assignments\Assignment2'. The most common cause for this problem is that the editor was opened in the wrong working directory, for example if you use sbt then the workspace directory should contain build.sbt. 
2020.06.24 19:21:05 WARN  no build target for: C:\UWaterloo\Fourth Year\ECE454\Assignments\Assignment2\Task2.scala
